<?xml version="1.0" encoding="UTF-8"?>
<!-- Generated by org.testng.reporters.JUnitReportReporter -->
<testsuite skipped="0" hostname="DESKTOP-ANJK2SU" name="interviewPart2.paramerterizationExamination" tests="6" failures="0" timestamp="21 Nov 2021 14:14:04 GMT" time="62.505" errors="0">
  <testcase name="userDetails01" time="9.648" classname="interviewPart2.paramerterizationExamination"/>
  <testcase name="userDetails01" time="9.687" classname="interviewPart2.paramerterizationExamination"/>
  <testcase name="userDetails02" time="10.367" classname="interviewPart2.paramerterizationExamination"/>
  <testcase name="userDetails01" time="10.212" classname="interviewPart2.paramerterizationExamination"/>
  <testcase name="userDetails02" time="9.923" classname="interviewPart2.paramerterizationExamination"/>
  <testcase name="userDetails02" time="12.668" classname="interviewPart2.paramerterizationExamination"/>
</testsuite> <!-- interviewPart2.paramerterizationExamination -->
