<?xml version="1.0" encoding="UTF-8"?>
<!-- Generated by org.testng.reporters.JUnitReportReporter -->
<testsuite skipped="0" hostname="DESKTOP-ANJK2SU" name="loginCase.BothInCorrect" tests="1" failures="0" timestamp="14 Oct 2021 13:37:56 GMT" time="12.510" errors="0">
  <testcase name="userIdAndPasswordCorrect" time="12.510" classname="loginCase.BothInCorrect"/>
</testsuite> <!-- loginCase.BothInCorrect -->
