<?xml version="1.0" encoding="UTF-8"?>
<!-- Generated by org.testng.reporters.JUnitReportReporter -->
<testsuite skipped="0" hostname="DESKTOP-ANJK2SU" name="InterviewQuestions.HandleDependancies" tests="2" failures="0" timestamp="21 Nov 2021 15:13:42 GMT" time="0.024" errors="0">
  <testcase name="HighSchool" time="0.016" classname="InterviewQuestions.HandleDependancies"/>
  <testcase name="HigherSecondarySchool" time="0.008" classname="InterviewQuestions.HandleDependancies"/>
</testsuite> <!-- InterviewQuestions.HandleDependancies -->
