<?xml version="1.0" encoding="UTF-8"?>
<!-- Generated by org.testng.reporters.JUnitReportReporter -->
<testsuite skipped="0" hostname="DESKTOP-ANJK2SU" name="DayOne.MailGoogle" tests="1" failures="0" timestamp="16 Oct 2021 14:20:00 GMT" time="19.438" errors="0">
  <testcase name="login" time="19.438" classname="DayOne.MailGoogle"/>
</testsuite> <!-- DayOne.MailGoogle -->
