<?xml version="1.0" encoding="UTF-8"?>
<!-- Generated by org.testng.reporters.JUnitReportReporter -->
<testsuite skipped="0" hostname="DESKTOP-ANJK2SU" name="DayOne.FaceBookGroups" tests="2" failures="0" timestamp="16 Oct 2021 08:20:33 GMT" time="42.615" errors="0">
  <testcase name="loginInCorrectDetails" time="25.651" classname="DayOne.FaceBookGroups"/>
  <testcase name="loginCorrectDetails" time="16.964" classname="DayOne.FaceBookGroups"/>
</testsuite> <!-- DayOne.FaceBookGroups -->
