<?xml version="1.0" encoding="UTF-8"?>
<!-- Generated by org.testng.reporters.JUnitReportReporter -->
<testsuite skipped="0" hostname="DESKTOP-ANJK2SU" name="loginCase.CorrectUserId" tests="1" failures="0" timestamp="14 Oct 2021 13:37:56 GMT" time="14.157" errors="0">
  <testcase name="userIdAndPasswordCorrect" time="14.157" classname="loginCase.CorrectUserId"/>
</testsuite> <!-- loginCase.CorrectUserId -->
