<?xml version="1.0" encoding="UTF-8"?>
<!-- Generated by org.testng.reporters.JUnitReportReporter -->
<testsuite skipped="0" hostname="DESKTOP-ANJK2SU" name="flipkart.TestNgForFlipKart" tests="1" failures="0" timestamp="18 Oct 2021 18:14:58 GMT" time="2.193" errors="0">
  <testcase name="loginPage" time="2.193" classname="flipkart.TestNgForFlipKart"/>
</testsuite> <!-- flipkart.TestNgForFlipKart -->
