<?xml version="1.0" encoding="UTF-8"?>
<!-- Generated by org.testng.reporters.JUnitReportReporter -->
<testsuite skipped="0" hostname="DESKTOP-ANJK2SU" name="suiteExamples.SuiteExamples" tests="3" failures="0" timestamp="20 Nov 2021 22:15:45 GMT" time="16.107" errors="0">
  <testcase name="openGoogle" time="9.425" classname="suiteExamples.SuiteExamples"/>
  <testcase name="openYahoo" time="3.361" classname="suiteExamples.SuiteExamples"/>
  <testcase name="openBing" time="3.321" classname="suiteExamples.SuiteExamples"/>
</testsuite> <!-- suiteExamples.SuiteExamples -->
