<?xml version="1.0" encoding="UTF-8"?>
<!-- Generated by org.testng.reporters.JUnitReportReporter -->
<testsuite skipped="0" hostname="DESKTOP-ANJK2SU" name="suiteExamples.GroupingExamples" tests="4" failures="0" timestamp="20 Nov 2021 22:42:18 GMT" time="0.090" errors="0">
  <testcase name="lennova2" time="0.011" classname="suiteExamples.GroupingExamples"/>
  <testcase name="apple2" time="0.020" classname="suiteExamples.GroupingExamples"/>
  <testcase name="lennova1" time="0.007" classname="suiteExamples.GroupingExamples"/>
  <testcase name="apple1" time="0.052" classname="suiteExamples.GroupingExamples"/>
</testsuite> <!-- suiteExamples.GroupingExamples -->
