<?xml version="1.0" encoding="UTF-8"?>
<!-- Generated by org.testng.reporters.JUnitReportReporter -->
<testsuite skipped="0" hostname="DESKTOP-ANJK2SU" name="suiteExamples.HandleDependancies" tests="2" failures="0" timestamp="20 Nov 2021 22:15:45 GMT" time="0.097" errors="0">
  <testcase name="HigherSecondarySchool" time="0.034" classname="suiteExamples.HandleDependancies"/>
  <testcase name="HighSchool" time="0.063" classname="suiteExamples.HandleDependancies"/>
</testsuite> <!-- suiteExamples.HandleDependancies -->
