<?xml version="1.0" encoding="UTF-8"?>
<!-- Generated by org.testng.reporters.JUnitReportReporter -->
<testsuite skipped="0" hostname="DESKTOP-ANJK2SU" name="DayOne.DoubtGreenParallelExecution" tests="1" failures="0" timestamp="17 Nov 2021 17:27:30 GMT" time="54.367" errors="0">
  <testcase name="openByFireFox" time="54.367" classname="DayOne.DoubtGreenParallelExecution"/>
</testsuite> <!-- DayOne.DoubtGreenParallelExecution -->
