<?xml version="1.0" encoding="UTF-8"?>
<!-- Generated by org.testng.reporters.JUnitReportReporter -->
<testsuite skipped="0" hostname="DESKTOP-ANJK2SU" name="interviewPart2.TestMultipleTimes" tests="3" failures="0" timestamp="21 Nov 2021 17:50:55 GMT" time="0.152" errors="0">
  <testcase name="testCase" time="0.132" classname="interviewPart2.TestMultipleTimes"/>
  <testcase name="testCase" time="0.008" classname="interviewPart2.TestMultipleTimes"/>
  <testcase name="testCase" time="0.012" classname="interviewPart2.TestMultipleTimes"/>
</testsuite> <!-- interviewPart2.TestMultipleTimes -->
