<?xml version="1.0" encoding="UTF-8"?>
<!-- Generated by org.testng.reporters.JUnitReportReporter -->
<testsuite skipped="0" hostname="DESKTOP-ANJK2SU" name="DayOne.RedBusPractice" tests="1" failures="0" timestamp="15 Oct 2021 12:34:18 GMT" time="17.172" errors="0">
  <testcase name="RedBusSignIn" time="17.172" classname="DayOne.RedBusPractice"/>
</testsuite> <!-- DayOne.RedBusPractice -->
