<?xml version="1.0" encoding="UTF-8"?>
<!-- Generated by org.testng.reporters.JUnitReportReporter -->
<testsuite skipped="1" hostname="DESKTOP-ANJK2SU" name="DayOne.FirstExcersise" tests="5" failures="0" timestamp="12 Nov 2021 13:36:35 GMT" time="0.018" errors="0">
  <testcase name="tc1" time="0.000" classname="DayOne.FirstExcersise"/>
  <testcase name="tc1" time="0.000" classname="DayOne.FirstExcersise"/>
  <testcase name="tc1" time="0.015" classname="DayOne.FirstExcersise"/>
  <testcase name="tc3" time="0.003" classname="DayOne.FirstExcersise"/>
  <testcase name="tc2" classname="DayOne.FirstExcersise">
    <skipped/>
  </testcase> <!-- tc2 -->
</testsuite> <!-- DayOne.FirstExcersise -->
