<?xml version="1.0" encoding="UTF-8"?>
<!-- Generated by org.testng.reporters.JUnitReportReporter -->
<testsuite skipped="0" hostname="DESKTOP-ANJK2SU" name="loginCase.NewLogin" tests="4" failures="0" timestamp="15 Oct 2021 06:38:05 GMT" time="17.597" errors="0">
  <testcase name="userIdAndPassword" time="2.368" classname="loginCase.NewLogin"/>
  <testcase name="userIdAndPassword" time="2.808" classname="loginCase.NewLogin"/>
  <testcase name="userIdAndPassword" time="8.437" classname="loginCase.NewLogin"/>
  <testcase name="userIdAndPassword" time="3.984" classname="loginCase.NewLogin"/>
</testsuite> <!-- loginCase.NewLogin -->
