<?xml version="1.0" encoding="UTF-8"?>
<!-- Generated by org.testng.reporters.JUnitReportReporter -->
<testsuite skipped="0" hostname="DESKTOP-ANJK2SU" name="loginCase.Login" tests="4" failures="0" timestamp="15 Oct 2021 05:36:13 GMT" time="15.038" errors="0">
  <testcase name="userIdAndPasswordCorrect" time="2.116" classname="loginCase.Login"/>
  <testcase name="userIdAndPasswordCorrect" time="1.929" classname="loginCase.Login"/>
  <testcase name="userIdAndPasswordCorrect" time="7.783" classname="loginCase.Login"/>
  <testcase name="userIdAndPasswordCorrect" time="3.210" classname="loginCase.Login"/>
</testsuite> <!-- loginCase.Login -->
