<?xml version="1.0" encoding="UTF-8"?>
<!-- Generated by org.testng.reporters.JUnitReportReporter -->
<testsuite skipped="0" hostname="DESKTOP-ANJK2SU" name="interviewPart2.TimeOutExample" tests="1" failures="0" timestamp="21 Nov 2021 18:13:00 GMT" time="2.071" errors="0">
  <testcase name="testCase" time="2.071" classname="interviewPart2.TimeOutExample"/>
</testsuite> <!-- interviewPart2.TimeOutExample -->
