<?xml version="1.0" encoding="UTF-8"?>
<!-- Generated by org.testng.reporters.JUnitReportReporter -->
<testsuite skipped="0" hostname="DESKTOP-ANJK2SU" name="interviewPart2.GroupingExamples" tests="4" failures="0" timestamp="21 Nov 2021 13:53:10 GMT" time="0.040" errors="0">
  <testcase name="moto2" time="0.008" classname="interviewPart2.GroupingExamples"/>
  <testcase name="vivo2" time="0.008" classname="interviewPart2.GroupingExamples"/>
  <testcase name="vivo1" time="0.000" classname="interviewPart2.GroupingExamples"/>
  <testcase name="moto1" time="0.024" classname="interviewPart2.GroupingExamples"/>
</testsuite> <!-- interviewPart2.GroupingExamples -->
